\BOOKMARK [1][-]{section*.1}{\376\377\000A\000b\000s\000t\000r\000a\000c\000t}{}% 1
\BOOKMARK [1][-]{section*.2}{\376\377\000L\000i\000s\000t\000\040\000o\000f\000\040\000F\000i\000g\000u\000r\000e\000s}{}% 2
\BOOKMARK [1][-]{section*.3}{\376\377\000L\000i\000s\000t\000\040\000o\000f\000\040\000T\000a\000b\000l\000e\000s}{}% 3
\BOOKMARK [1][-]{section.1}{\376\377\000I\000n\000t\000r\000o\000d\000u\000c\000t\000i\000o\000n}{}% 4
\BOOKMARK [2][-]{subsection.1.1}{\376\377\000A\000i\000m\000s}{section.1}% 5
\BOOKMARK [2][-]{subsection.1.2}{\376\377\000O\000b\000j\000e\000c\000t\000i\000v\000e\000s}{section.1}% 6
\BOOKMARK [1][-]{section.2}{\376\377\000H\000e\000a\000d\000i\000n\000g\000\040\0001}{}% 7
\BOOKMARK [1][-]{section.3}{\376\377\000H\000e\000a\000d\000i\000n\000g\000\040\0002}{}% 8
\BOOKMARK [1][-]{section.4}{\376\377\000C\000o\000n\000c\000l\000u\000s\000i\000o\000n\000s}{}% 9
\BOOKMARK [1][-]{section.5}{\376\377\000R\000e\000f\000e\000r\000e\000n\000c\000e\000s}{}% 10
\BOOKMARK [1][-]{section.6}{\376\377\000B\000i\000b\000l\000i\000o\000g\000r\000a\000p\000h\000y}{}% 11
\BOOKMARK [1][-]{section*.4}{\376\377\000A\000p\000p\000e\000n\000d\000i\000c\000e\000s}{}% 12
\BOOKMARK [1][-]{appendix.a.A}{\376\377\000D\000i\000s\000s\000e\000r\000t\000a\000t\000i\000o\000n\000\040\000S\000t\000y\000l\000e\000\040\000a\000n\000d\000\040\000C\000o\000n\000v\000e\000n\000t\000i\000o\000n\000s}{}% 13
\BOOKMARK [1][-]{appendix.a.B}{\376\377\000R\000e\000f\000e\000r\000e\000n\000c\000i\000n\000g}{}% 14
\BOOKMARK [2][-]{subsection.a.B.1}{\376\377\000C\000i\000t\000a\000t\000i\000o\000n\000s}{appendix.a.B}% 15
\BOOKMARK [3][-]{subsubsection.a.B.1.1}{\376\377\000B\000i\000b\000t\000e\000x}{subsection.a.B.1}% 16
\BOOKMARK [3][-]{subsubsection.a.B.1.2}{\376\377\000C\000i\000t\000i\000n\000g\000\040\000R\000e\000f\000e\000r\000e\000n\000c\000e\000s}{subsection.a.B.1}% 17
\BOOKMARK [3][-]{subsubsection.a.B.1.3}{\376\377\000I\000n\000l\000i\000n\000e\000\040\000C\000i\000t\000a\000t\000i\000o\000n\000s}{subsection.a.B.1}% 18
\BOOKMARK [2][-]{subsection.a.B.2}{\376\377\000C\000r\000o\000s\000s\000-\000R\000e\000f\000e\000r\000e\000n\000c\000e\000s}{appendix.a.B}% 19
\BOOKMARK [1][-]{appendix.a.C}{\376\377\000F\000o\000r\000m\000a\000t\000t\000i\000n\000g}{}% 20
\BOOKMARK [2][-]{subsection.a.C.1}{\376\377\000A\000c\000r\000o\000n\000y\000m\000s}{appendix.a.C}% 21
\BOOKMARK [2][-]{subsection.a.C.2}{\376\377\000L\000a\000n\000s\000c\000a\000p\000e\000\040\000P\000a\000g\000e\000s}{appendix.a.C}% 22
\BOOKMARK [2][-]{subsection.a.C.3}{\376\377\000N\000o\000t\000e\000s\000\040\000a\000n\000d\000\040\000T\000o\000\040\000D\000o}{appendix.a.C}% 23
\BOOKMARK [1][-]{appendix.a.D}{\376\377\000F\000i\000g\000u\000r\000e\000s\000\040\000a\000n\000d\000\040\000T\000a\000b\000l\000e\000s}{}% 24
\BOOKMARK [2][-]{subsection.a.D.1}{\376\377\000F\000i\000g\000u\000r\000e\000s}{appendix.a.D}% 25
\BOOKMARK [2][-]{subsection.a.D.2}{\376\377\000T\000a\000b\000l\000e\000s}{appendix.a.D}% 26
